app/build/intermediates/manifest_merge_blame_file/debug/manifest-merger-blame-debug-report.txt
1<?xml version="1.0" encoding="utf-8"?>
2<manifest xmlns:android="http://schemas.android.com/apk/res/android"
3    package="com.miguel.ximbal"
4    android:versionCode="1"
5    android:versionName="1.0" >
6
7    <uses-sdk
8        android:minSdkVersion="21"
8-->src/main/AndroidManifest.xml
9        android:targetSdkVersion="28" />
9-->src/main/AndroidManifest.xml
10    <!--
11    android:versionCode="13"
12    android:versionName="2.0-RC2">
13    -->
14
15    <uses-permission android:name="android.permission.GET_ACCOUNTS" />
15-->src/main/AndroidManifest.xml:10:5-71
15-->src/main/AndroidManifest.xml:10:22-68
16    <uses-permission android:name="android.permission.READ_PROFILE" />
16-->src/main/AndroidManifest.xml:11:5-71
16-->src/main/AndroidManifest.xml:11:22-68
17    <uses-permission android:name="android.permission.READ_CONTACTS" />
17-->src/main/AndroidManifest.xml:12:5-72
17-->src/main/AndroidManifest.xml:12:22-69
18    <uses-permission android:name="android.permission.BLUETOOTH_ADMIN" />
18-->src/main/AndroidManifest.xml:13:5-74
18-->src/main/AndroidManifest.xml:13:22-71
19    <uses-permission android:name="android.permission.BLUETOOTH" />
19-->src/main/AndroidManifest.xml:14:5-68
19-->src/main/AndroidManifest.xml:14:22-65
20
21    <!--
22    <uses-permission android:name="android.permission.WRITE_EXTERNAL_STORAGE" />
23    <uses-permission android:name="android.permission.INTERNET" />
24    <uses-permission android:name="android.permission.WAKE_LOCK" />
25    <uses-permission android:name="android.permission.ACCESS_FINE_LOCATION" />
26    <uses-permission android:name="android.permission.ACCESS_COARSE_LOCATION" />
27    <uses-permission android:name="android.permission.ACCESS_LOCATION_EXTRA_COMMANDS" />
28    <uses-permission android:name="android.permission.READ_LOGS" />
29    -->
30    <application
30-->src/main/AndroidManifest.xml:25:5-104:19
31        android:allowBackup="true"
31-->src/main/AndroidManifest.xml:26:9-35
32        android:appComponentFactory="androidx.core.app.CoreComponentFactory"
32-->[androidx.core:core:1.2.0] AndroidManifest.xml:24:18-86
33        android:debuggable="true"
34        android:icon="@mipmap/ximbal_launcher"
34-->src/main/AndroidManifest.xml:27:9-47
35        android:label="Ximbal"
35-->src/main/AndroidManifest.xml:28:9-31
36        android:roundIcon="@mipmap/ximbal_launcher_round"
36-->src/main/AndroidManifest.xml:29:9-58
37        android:supportsRtl="true"
37-->src/main/AndroidManifest.xml:30:9-35
38        android:testOnly="true"
39        android:theme="@style/Theme.AppCompat" >
39-->src/main/AndroidManifest.xml:31:9-47
40        <activity
40-->src/main/AndroidManifest.xml:34:9-41:20
41            android:name="com.miguel.ximbal.MainActivity"
41-->src/main/AndroidManifest.xml:35:13-58
42            android:theme="@style/AppTheme.NoActionBar" >
42-->src/main/AndroidManifest.xml:36:13-56
43            <intent-filter>
43-->src/main/AndroidManifest.xml:37:13-40:29
44                <action android:name="android.intent.action.MAIN" />
44-->src/main/AndroidManifest.xml:38:17-69
44-->src/main/AndroidManifest.xml:38:25-66
45
46                <category android:name="android.intent.category.LAUNCHER" />
46-->src/main/AndroidManifest.xml:39:17-77
46-->src/main/AndroidManifest.xml:39:27-74
47            </intent-filter>
48        </activity>
49        <!--
50        <activity
51            android:name="com.miguel.ximbal.SecondActivity"
52            android:configChanges="orientation|screenSize"
53            android:launchMode="singleInstance"
54            android:label="@string/app_name">
55        </activity>
56
57        <activity
58            android:name="com.miguel.ximbal.ConfigActivity"
59            android:launchMode="singleInstance"
60            android:background="#10d168"
61            android:label="@string/app_name">
62        </activity>
63
64        <activity
65            android:name="com.miguel.ximbal.TroubleCodesActivity"
66            android:launchMode="singleInstance"
67            android:label="@string/title_activity_trouble_codes">
68        </activity>
69
70        <activity
71            android:name="com.miguel.ximbal.TripListActivity"
72            android:launchMode="singleInstance"
73            android:label="@string/title_activity_trips_list">
74        </activity>
75
76        <service
77            android:name="com.miguel.ximbal.io.ObdGatewayService"
78            android:launchMode="singleInstance"
79            android:exported="false" />
80        <service
81            android:name="com.miguel.ximbal.io.MockObdGatewayService"
82            android:launchMode="singleInstance"
83            android:exported="false" />
84        -->
85
86        <activity
86-->src/main/AndroidManifest.xml:79:9-81:59
87            android:name="com.miguel.ximbal.MainMenu"
87-->src/main/AndroidManifest.xml:80:13-54
88            android:theme="@style/AppTheme.NoActionBar" />
88-->src/main/AndroidManifest.xml:81:13-56
89        <activity
89-->src/main/AndroidManifest.xml:82:9-84:59
90            android:name="com.miguel.ximbal.Register"
90-->src/main/AndroidManifest.xml:83:13-54
91            android:theme="@style/AppTheme.NoActionBar" />
91-->src/main/AndroidManifest.xml:84:13-56
92        <activity
92-->src/main/AndroidManifest.xml:85:9-87:59
93            android:name="com.miguel.ximbal.MyCar"
93-->src/main/AndroidManifest.xml:86:13-51
94            android:theme="@style/AppTheme.NoActionBar" />
94-->src/main/AndroidManifest.xml:87:13-56
95        <activity
95-->src/main/AndroidManifest.xml:88:9-90:59
96            android:name="com.miguel.ximbal.Trips"
96-->src/main/AndroidManifest.xml:89:13-51
97            android:theme="@style/AppTheme.NoActionBar" />
97-->src/main/AndroidManifest.xml:90:13-56
98        <activity
98-->src/main/AndroidManifest.xml:91:9-93:59
99            android:name="com.miguel.ximbal.Advices"
99-->src/main/AndroidManifest.xml:92:13-53
100            android:theme="@style/AppTheme.NoActionBar" />
100-->src/main/AndroidManifest.xml:93:13-56
101        <activity
101-->src/main/AndroidManifest.xml:94:9-96:59
102            android:name="com.miguel.ximbal.first_advice"
102-->src/main/AndroidManifest.xml:95:13-58
103            android:theme="@style/AppTheme.NoActionBar" />
103-->src/main/AndroidManifest.xml:96:13-56
104        <activity
104-->src/main/AndroidManifest.xml:97:9-99:59
105            android:name="com.miguel.ximbal.second_advice"
105-->src/main/AndroidManifest.xml:98:13-59
106            android:theme="@style/AppTheme.NoActionBar" />
106-->src/main/AndroidManifest.xml:99:13-56
107        <activity
107-->src/main/AndroidManifest.xml:100:9-102:59
108            android:name="com.miguel.ximbal.third_advice"
108-->src/main/AndroidManifest.xml:101:13-58
109            android:theme="@style/AppTheme.NoActionBar" />
109-->src/main/AndroidManifest.xml:102:13-56
110        <activity
110-->[com.google.android.gms:play-services-auth:17.0.0] AndroidManifest.xml:23:9-27:75
111            android:name="com.google.android.gms.auth.api.signin.internal.SignInHubActivity"
111-->[com.google.android.gms:play-services-auth:17.0.0] AndroidManifest.xml:24:13-93
112            android:excludeFromRecents="true"
112-->[com.google.android.gms:play-services-auth:17.0.0] AndroidManifest.xml:25:13-46
113            android:exported="false"
113-->[com.google.android.gms:play-services-auth:17.0.0] AndroidManifest.xml:26:13-37
114            android:theme="@android:style/Theme.Translucent.NoTitleBar" />
114-->[com.google.android.gms:play-services-auth:17.0.0] AndroidManifest.xml:27:13-72
115        <!--
116            Service handling Google Sign-In user revocation. For apps that do not integrate with
117            Google Sign-In, this service will never be started.
118        -->
119        <service
119-->[com.google.android.gms:play-services-auth:17.0.0] AndroidManifest.xml:33:9-36:110
120            android:name="com.google.android.gms.auth.api.signin.RevocationBoundService"
120-->[com.google.android.gms:play-services-auth:17.0.0] AndroidManifest.xml:34:13-89
121            android:exported="true"
121-->[com.google.android.gms:play-services-auth:17.0.0] AndroidManifest.xml:35:13-36
122            android:permission="com.google.android.gms.auth.api.signin.permission.REVOCATION_NOTIFICATION" />
122-->[com.google.android.gms:play-services-auth:17.0.0] AndroidManifest.xml:36:13-107
123
124        <activity
124-->[com.google.android.gms:play-services-base:17.0.0] AndroidManifest.xml:23:9-26:75
125            android:name="com.google.android.gms.common.api.GoogleApiActivity"
125-->[com.google.android.gms:play-services-base:17.0.0] AndroidManifest.xml:24:13-79
126            android:exported="false"
126-->[com.google.android.gms:play-services-base:17.0.0] AndroidManifest.xml:25:13-37
127            android:theme="@android:style/Theme.Translucent.NoTitleBar" />
127-->[com.google.android.gms:play-services-base:17.0.0] AndroidManifest.xml:26:13-72
128
129        <meta-data
129-->[com.google.android.gms:play-services-basement:17.0.0] AndroidManifest.xml:23:9-25:69
130            android:name="com.google.android.gms.version"
130-->[com.google.android.gms:play-services-basement:17.0.0] AndroidManifest.xml:24:13-58
131            android:value="@integer/google_play_services_version" />
131-->[com.google.android.gms:play-services-basement:17.0.0] AndroidManifest.xml:25:13-66
132    </application>
133
134</manifest>